0 info it worked if it ends with ok
1 verbose cli [ '/home/ubuntu/.nvm/versions/node/v6.10.3/bin/node',
1 verbose cli   '/home/ubuntu/.nvm/versions/node/v6.10.3/bin/npm',
1 verbose cli   'run',
1 verbose cli   'build' ]
2 info using npm@3.10.10
3 info using node@v6.10.3
4 verbose run-script [ 'prebuild', 'build', 'postbuild' ]
5 info lifecycle react-confirmation@0.0.1~prebuild: react-confirmation@0.0.1
6 silly lifecycle react-confirmation@0.0.1~prebuild: no script for prebuild, continuing
7 info lifecycle react-confirmation@0.0.1~build: react-confirmation@0.0.1
8 verbose lifecycle react-confirmation@0.0.1~build: unsafe-perm in lifecycle true
9 verbose lifecycle react-confirmation@0.0.1~build: PATH: /home/ubuntu/.nvm/versions/node/v6.10.3/lib/node_modules/npm/bin/node-gyp-bin:/home/ubuntu/Thamu/Packages-owned/react-confirmation/node_modules/.bin:/home/ubuntu/.nvm/versions/node/v6.10.3/bin:/home/ubuntu/bin:/home/ubuntu/.local/bin:/usr/local/sbin:/usr/local/bin:/usr/sbin:/usr/bin:/sbin:/bin:/usr/games:/usr/local/games:/snap/bin:/usr/lib/jvm/java-8-oracle/bin:/usr/lib/jvm/java-8-oracle/db/bin:/usr/lib/jvm/java-8-oracle/jre/bin
10 verbose lifecycle react-confirmation@0.0.1~build: CWD: /home/ubuntu/Thamu/Packages-owned/react-confirmation
11 silly lifecycle react-confirmation@0.0.1~build: Args: [ '-c', 'webpack' ]
12 silly lifecycle react-confirmation@0.0.1~build: Returned: code: 2  signal: null
13 info lifecycle react-confirmation@0.0.1~build: Failed to exec build script
14 verbose stack Error: react-confirmation@0.0.1 build: `webpack`
14 verbose stack Exit status 2
14 verbose stack     at EventEmitter.<anonymous> (/home/ubuntu/.nvm/versions/node/v6.10.3/lib/node_modules/npm/lib/utils/lifecycle.js:255:16)
14 verbose stack     at emitTwo (events.js:106:13)
14 verbose stack     at EventEmitter.emit (events.js:191:7)
14 verbose stack     at ChildProcess.<anonymous> (/home/ubuntu/.nvm/versions/node/v6.10.3/lib/node_modules/npm/lib/utils/spawn.js:40:14)
14 verbose stack     at emitTwo (events.js:106:13)
14 verbose stack     at ChildProcess.emit (events.js:191:7)
14 verbose stack     at maybeClose (internal/child_process.js:886:16)
14 verbose stack     at Process.ChildProcess._handle.onexit (internal/child_process.js:226:5)
15 verbose pkgid react-confirmation@0.0.1
16 verbose cwd /home/ubuntu/Thamu/Packages-owned/react-confirmation
17 error Linux 4.13.0-36-generic
18 error argv "/home/ubuntu/.nvm/versions/node/v6.10.3/bin/node" "/home/ubuntu/.nvm/versions/node/v6.10.3/bin/npm" "run" "build"
19 error node v6.10.3
20 error npm  v3.10.10
21 error code ELIFECYCLE
22 error react-confirmation@0.0.1 build: `webpack`
22 error Exit status 2
23 error Failed at the react-confirmation@0.0.1 build script 'webpack'.
23 error Make sure you have the latest version of node.js and npm installed.
23 error If you do, this is most likely a problem with the react-confirmation package,
23 error not with npm itself.
23 error Tell the author that this fails on your system:
23 error     webpack
23 error You can get information on how to open an issue for this project with:
23 error     npm bugs react-confirmation
23 error Or if that isn't available, you can get their info via:
23 error     npm owner ls react-confirmation
23 error There is likely additional logging output above.
24 verbose exit [ 1, true ]
